<?xml version="1.0" encoding="UTF-8"?>
<!-- Generated by org.testng.reporters.JUnitXMLReporter -->
<testsuite hostname="LAPTOP-EUKMGI2V" ignored="2" name="Test" tests="3" failures="0" timestamp="2023-06-06T12:43:53 IST" time="21.668" errors="0">
  <testcase name="loginToLeafTaps" time="1.983" classname="com.leaftaps.testcases.TC001_LoginToLeafTaps"/>
  <testcase name="loginToLeafTaps" time="1.387" classname="com.leaftaps.testcases.TC002_Login"/>
  <testcase name="loginToLeafTaps" time="1.25" classname="com.leaftaps.testcases.TC002_Login"/>
  <testcase name="@AfterSuite stopReport" time="0.0" classname="utils.Reporter">
    <ignored/>
  </testcase> <!-- @AfterSuite stopReport -->
  <testcase name="@BeforeSuite startReport" time="0.0" classname="utils.Reporter">
    <ignored/>
  </testcase> <!-- @BeforeSuite startReport -->
</testsuite> <!-- Test -->
