<?xml version="1.0" encoding="UTF-8"?>
<testng-results skipped="0" failed="0" ignored="2" total="5" passed="3">
  <reporter-output>
  </reporter-output>
  <suite name="Suite" duration-ms="21668" started-at="2023-06-06T12:43:31 IST" finished-at="2023-06-06T12:43:53 IST">
    <groups>
    </groups>
    <test name="Test" duration-ms="21668" started-at="2023-06-06T12:43:31 IST" finished-at="2023-06-06T12:43:53 IST">
      <class name="com.leaftaps.testcases.TC001_LoginToLeafTaps">
        <test-method status="PASS" signature="startReport()[pri:0, instance:com.leaftaps.testcases.TC001_LoginToLeafTaps@a74868d]" name="startReport" is-config="true" duration-ms="141" started-at="2023-06-06T12:43:31 IST" finished-at="2023-06-06T12:43:31 IST">
          <reporter-output>
          </reporter-output>
        </test-method> <!-- startReport -->
        <test-method status="PASS" signature="setValues()[pri:0, instance:com.leaftaps.testcases.TC001_LoginToLeafTaps@a74868d]" name="setValues" is-config="true" duration-ms="0" started-at="2023-06-06T12:43:31 IST" finished-at="2023-06-06T12:43:31 IST">
          <reporter-output>
          </reporter-output>
        </test-method> <!-- setValues -->
        <test-method status="PASS" signature="report()[pri:0, instance:com.leaftaps.testcases.TC001_LoginToLeafTaps@a74868d]" name="report" is-config="true" duration-ms="6" started-at="2023-06-06T12:43:31 IST" finished-at="2023-06-06T12:43:31 IST">
          <reporter-output>
          </reporter-output>
        </test-method> <!-- report -->
        <test-method status="PASS" signature="beforeMethod(java.lang.String)[pri:0, instance:com.leaftaps.testcases.TC001_LoginToLeafTaps@a74868d]" name="beforeMethod" is-config="true" duration-ms="9503" started-at="2023-06-06T12:43:32 IST" finished-at="2023-06-06T12:43:41 IST">
          <params>
            <param index="0">
              <value>
                <![CDATA[http://leaftaps.com/opentaps/control/login]]>
              </value>
            </param>
          </params>
          <reporter-output>
          </reporter-output>
        </test-method> <!-- beforeMethod -->
        <test-method status="PASS" signature="loginToLeafTaps(java.lang.String, java.lang.String)[pri:0, instance:com.leaftaps.testcases.TC001_LoginToLeafTaps@a74868d]" name="loginToLeafTaps" duration-ms="1983" started-at="2023-06-06T12:43:41 IST" data-provider="fetchData" finished-at="2023-06-06T12:43:43 IST">
          <params>
            <param index="0">
              <value>
                <![CDATA[DemoSalesManager]]>
              </value>
            </param>
            <param index="1">
              <value>
                <![CDATA[crmsfa]]>
              </value>
            </param>
          </params>
          <reporter-output>
          </reporter-output>
        </test-method> <!-- loginToLeafTaps -->
        <test-method status="PASS" signature="afterMethod()[pri:0, instance:com.leaftaps.testcases.TC001_LoginToLeafTaps@a74868d]" name="afterMethod" is-config="true" duration-ms="135" started-at="2023-06-06T12:43:43 IST" finished-at="2023-06-06T12:43:43 IST">
          <reporter-output>
          </reporter-output>
        </test-method> <!-- afterMethod -->
        <test-method status="PASS" signature="stopReport()[pri:0, instance:com.leaftaps.testcases.TC001_LoginToLeafTaps@a74868d]" name="stopReport" is-config="true" duration-ms="458" started-at="2023-06-06T12:43:53 IST" finished-at="2023-06-06T12:43:53 IST">
          <reporter-output>
          </reporter-output>
        </test-method> <!-- stopReport -->
      </class> <!-- com.leaftaps.testcases.TC001_LoginToLeafTaps -->
      <class name="com.leaftaps.testcases.TC002_Login">
        <test-method status="PASS" signature="setValues()[pri:0, instance:com.leaftaps.testcases.TC002_Login@12c8a2c0]" name="setValues" is-config="true" duration-ms="1" started-at="2023-06-06T12:43:31 IST" finished-at="2023-06-06T12:43:31 IST">
          <reporter-output>
          </reporter-output>
        </test-method> <!-- setValues -->
        <test-method status="PASS" signature="report()[pri:0, instance:com.leaftaps.testcases.TC002_Login@12c8a2c0]" name="report" is-config="true" duration-ms="0" started-at="2023-06-06T12:43:43 IST" finished-at="2023-06-06T12:43:43 IST">
          <reporter-output>
          </reporter-output>
        </test-method> <!-- report -->
        <test-method status="PASS" signature="beforeMethod(java.lang.String)[pri:0, instance:com.leaftaps.testcases.TC002_Login@12c8a2c0]" name="beforeMethod" is-config="true" duration-ms="3079" started-at="2023-06-06T12:43:43 IST" finished-at="2023-06-06T12:43:47 IST">
          <params>
            <param index="0">
              <value>
                <![CDATA[http://leaftaps.com/opentaps/control/login]]>
              </value>
            </param>
          </params>
          <reporter-output>
          </reporter-output>
        </test-method> <!-- beforeMethod -->
        <test-method status="PASS" signature="loginToLeafTaps(java.lang.String, java.lang.String)[pri:0, instance:com.leaftaps.testcases.TC002_Login@12c8a2c0]" name="loginToLeafTaps" duration-ms="1387" started-at="2023-06-06T12:43:47 IST" data-provider="fetchData" finished-at="2023-06-06T12:43:48 IST">
          <params>
            <param index="0">
              <value>
                <![CDATA[DemoSalesManager]]>
              </value>
            </param>
            <param index="1">
              <value>
                <![CDATA[crmsfa]]>
              </value>
            </param>
          </params>
          <reporter-output>
          </reporter-output>
        </test-method> <!-- loginToLeafTaps -->
        <test-method status="PASS" signature="afterMethod()[pri:0, instance:com.leaftaps.testcases.TC002_Login@12c8a2c0]" name="afterMethod" is-config="true" duration-ms="103" started-at="2023-06-06T12:43:48 IST" finished-at="2023-06-06T12:43:48 IST">
          <reporter-output>
          </reporter-output>
        </test-method> <!-- afterMethod -->
        <test-method status="PASS" signature="beforeMethod(java.lang.String)[pri:0, instance:com.leaftaps.testcases.TC002_Login@12c8a2c0]" name="beforeMethod" is-config="true" duration-ms="3096" started-at="2023-06-06T12:43:48 IST" finished-at="2023-06-06T12:43:51 IST">
          <params>
            <param index="0">
              <value>
                <![CDATA[http://leaftaps.com/opentaps/control/login]]>
              </value>
            </param>
          </params>
          <reporter-output>
          </reporter-output>
        </test-method> <!-- beforeMethod -->
        <test-method status="PASS" signature="loginToLeafTaps(java.lang.String, java.lang.String)[pri:0, instance:com.leaftaps.testcases.TC002_Login@12c8a2c0]" name="loginToLeafTaps" duration-ms="1250" started-at="2023-06-06T12:43:51 IST" data-provider="fetchData" finished-at="2023-06-06T12:43:52 IST">
          <params>
            <param index="0">
              <value>
                <![CDATA[DemoSalesManager]]>
              </value>
            </param>
            <param index="1">
              <value>
                <![CDATA[crmsfa]]>
              </value>
            </param>
          </params>
          <reporter-output>
          </reporter-output>
        </test-method> <!-- loginToLeafTaps -->
        <test-method status="PASS" signature="afterMethod()[pri:0, instance:com.leaftaps.testcases.TC002_Login@12c8a2c0]" name="afterMethod" is-config="true" duration-ms="120" started-at="2023-06-06T12:43:52 IST" finished-at="2023-06-06T12:43:53 IST">
          <reporter-output>
          </reporter-output>
        </test-method> <!-- afterMethod -->
      </class> <!-- com.leaftaps.testcases.TC002_Login -->
    </test> <!-- Test -->
  </suite> <!-- Suite -->
</testng-results>
